<?xml version="1.0" encoding="UTF-8"?>
<testng-results skipped="0" failed="0" ignored="0" total="2" passed="2">
  <reporter-output>
  </reporter-output>
  <suite name="Suite 1" duration-ms="93" started-at="2019-09-20T23:22:22 MSK" finished-at="2019-09-20T23:22:22 MSK">
    <groups>
    </groups>
    <test name="Test Suite" duration-ms="93" started-at="2019-09-20T23:22:22 MSK" finished-at="2019-09-20T23:22:22 MSK">
      <class name="eis.com.dev.regression.TestClass1">
        <test-method status="PASS" signature="test1()[pri:0, instance:eis.com.dev.regression.TestClass1@7d9d1a19]" name="test1" duration-ms="14" started-at="2019-09-20T23:22:22 MSK" finished-at="2019-09-20T23:22:22 MSK">
          <reporter-output>
          </reporter-output>
        </test-method> <!-- test1 -->
        <test-method status="PASS" signature="test2()[pri:0, instance:eis.com.dev.regression.TestClass1@7d9d1a19]" name="test2" duration-ms="0" started-at="2019-09-20T23:22:22 MSK" finished-at="2019-09-20T23:22:22 MSK">
          <reporter-output>
          </reporter-output>
        </test-method> <!-- test2 -->
      </class> <!-- eis.com.dev.regression.TestClass1 -->
    </test> <!-- Test Suite -->
  </suite> <!-- Suite 1 -->
</testng-results>
